<?xml version="1.0" encoding="UTF-8"?>
<!-- Generated by org.testng.reporters.JUnitXMLReporter -->
<testsuite hostname="sunrise-PC" name="java test" tests="52" failures="12" timestamp="23 Dec 2018 15:28:22 GMT" time="23.101" errors="0">
  <testcase name="testBank" time="1.349" classname="com.airwallex.bank.BankTest"/>
  <testcase name="testBank" time="0.314" classname="com.airwallex.bank.BankTest"/>
  <testcase name="testBank" time="0.328" classname="com.airwallex.bank.BankTest"/>
  <testcase name="testBank" time="0.327" classname="com.airwallex.bank.BankTest"/>
  <testcase name="testBank" time="0.333" classname="com.airwallex.bank.BankTest"/>
  <testcase name="testBank" time="0.359" classname="com.airwallex.bank.BankTest"/>
  <testcase name="testBank" time="0.374" classname="com.airwallex.bank.BankTest"/>
  <testcase name="testBank" time="0.396" classname="com.airwallex.bank.BankTest"/>
  <testcase name="testBank" time="0.344" classname="com.airwallex.bank.BankTest"/>
  <testcase name="testBank" time="0.326" classname="com.airwallex.bank.BankTest"/>
  <testcase name="testBank" time="0.746" classname="com.airwallex.bank.BankTest"/>
  <testcase name="testBank" time="0.731" classname="com.airwallex.bank.BankTest"/>
  <testcase name="testBank" time="0.815" classname="com.airwallex.bank.BankTest"/>
  <testcase name="testBank" time="0.406" classname="com.airwallex.bank.BankTest"/>
  <testcase name="testBank" time="0.431" classname="com.airwallex.bank.BankTest"/>
  <testcase name="testBank" time="0.406" classname="com.airwallex.bank.BankTest"/>
  <testcase name="testBank" time="0.405" classname="com.airwallex.bank.BankTest"/>
  <testcase name="testBank" time="0.429" classname="com.airwallex.bank.BankTest"/>
  <testcase name="testBank" time="0.422" classname="com.airwallex.bank.BankTest"/>
  <testcase name="testBank" time="0.434" classname="com.airwallex.bank.BankTest">
    <failure type="java.lang.AssertionError" message="expected [Length of account_number should be between 1 and 11 when bank_country_code is &amp;apos;US&amp;apos;] but found [&amp;apos;account_number&amp;apos; is required]">
      <![CDATA[java.lang.AssertionError: expected [Length of account_number should be between 1 and 11 when bank_country_code is 'US'] but found ['account_number' is required]
	at com.airwallex.bank.BankTest.testBank(BankTest.java:39)
	at org.apache.maven.surefire.testng.TestNGExecutor.run(TestNGExecutor.java:282)
	at org.apache.maven.surefire.testng.TestNGXmlTestSuite.execute(TestNGXmlTestSuite.java:83)
	at org.apache.maven.surefire.testng.TestNGProvider.invoke(TestNGProvider.java:114)
	at org.apache.maven.surefire.booter.ForkedBooter.invokeProviderInSameClassLoader(ForkedBooter.java:286)
	at org.apache.maven.surefire.booter.ForkedBooter.runSuitesInProcess(ForkedBooter.java:240)
	at org.apache.maven.surefire.booter.ForkedBooter.main(ForkedBooter.java:121)
... Removed 25 stack frames]]>
    </failure>
  </testcase> <!-- testBank -->
  <testcase name="testBank" time="0.392" classname="com.airwallex.bank.BankTest">
    <failure type="java.lang.AssertionError" message="expected [Length of account_number should be between 1 and 11 when bank_country_code is &amp;apos;US&amp;apos;] but found [Length of account_number should be between 7 and 11 when bank_country_code is &amp;apos;US&amp;apos;]">
      <![CDATA[java.lang.AssertionError: expected [Length of account_number should be between 1 and 11 when bank_country_code is 'US'] but found [Length of account_number should be between 7 and 11 when bank_country_code is 'US']
	at com.airwallex.bank.BankTest.testBank(BankTest.java:39)
	at org.apache.maven.surefire.testng.TestNGExecutor.run(TestNGExecutor.java:282)
	at org.apache.maven.surefire.testng.TestNGXmlTestSuite.execute(TestNGXmlTestSuite.java:83)
	at org.apache.maven.surefire.testng.TestNGProvider.invoke(TestNGProvider.java:114)
	at org.apache.maven.surefire.booter.ForkedBooter.invokeProviderInSameClassLoader(ForkedBooter.java:286)
	at org.apache.maven.surefire.booter.ForkedBooter.runSuitesInProcess(ForkedBooter.java:240)
	at org.apache.maven.surefire.booter.ForkedBooter.main(ForkedBooter.java:121)
... Removed 25 stack frames]]>
    </failure>
  </testcase> <!-- testBank -->
  <testcase name="testBank" time="1.062" classname="com.airwallex.bank.BankTest"/>
  <testcase name="testBank" time="0.36" classname="com.airwallex.bank.BankTest"/>
  <testcase name="testBank" time="0.369" classname="com.airwallex.bank.BankTest">
    <failure type="java.lang.AssertionError" message="expected [Bank details saved] but found [Length of account_number should be between 7 and 11 when bank_country_code is &amp;apos;US&amp;apos;]">
      <![CDATA[java.lang.AssertionError: expected [Bank details saved] but found [Length of account_number should be between 7 and 11 when bank_country_code is 'US']
	at com.airwallex.bank.BankTest.testBank(BankTest.java:39)
	at org.apache.maven.surefire.testng.TestNGExecutor.run(TestNGExecutor.java:282)
	at org.apache.maven.surefire.testng.TestNGXmlTestSuite.execute(TestNGXmlTestSuite.java:83)
	at org.apache.maven.surefire.testng.TestNGProvider.invoke(TestNGProvider.java:114)
	at org.apache.maven.surefire.booter.ForkedBooter.invokeProviderInSameClassLoader(ForkedBooter.java:286)
	at org.apache.maven.surefire.booter.ForkedBooter.runSuitesInProcess(ForkedBooter.java:240)
	at org.apache.maven.surefire.booter.ForkedBooter.main(ForkedBooter.java:121)
... Removed 25 stack frames]]>
    </failure>
  </testcase> <!-- testBank -->
  <testcase name="testBank" time="0.358" classname="com.airwallex.bank.BankTest">
    <failure type="java.lang.AssertionError" message="expected [Bank details saved] but found [Length of account_number should be between 7 and 11 when bank_country_code is &amp;apos;US&amp;apos;]">
      <![CDATA[java.lang.AssertionError: expected [Bank details saved] but found [Length of account_number should be between 7 and 11 when bank_country_code is 'US']
	at com.airwallex.bank.BankTest.testBank(BankTest.java:39)
	at org.apache.maven.surefire.testng.TestNGExecutor.run(TestNGExecutor.java:282)
	at org.apache.maven.surefire.testng.TestNGXmlTestSuite.execute(TestNGXmlTestSuite.java:83)
	at org.apache.maven.surefire.testng.TestNGProvider.invoke(TestNGProvider.java:114)
	at org.apache.maven.surefire.booter.ForkedBooter.invokeProviderInSameClassLoader(ForkedBooter.java:286)
	at org.apache.maven.surefire.booter.ForkedBooter.runSuitesInProcess(ForkedBooter.java:240)
	at org.apache.maven.surefire.booter.ForkedBooter.main(ForkedBooter.java:121)
... Removed 25 stack frames]]>
    </failure>
  </testcase> <!-- testBank -->
  <testcase name="testBank" time="0.368" classname="com.airwallex.bank.BankTest"/>
  <testcase name="testBank" time="0.374" classname="com.airwallex.bank.BankTest">
    <failure type="java.lang.AssertionError" message="expected [200] but found [400]">
      <![CDATA[java.lang.AssertionError: expected [200] but found [400]
	at com.airwallex.bank.BankTest.testBank(BankTest.java:38)
	at org.apache.maven.surefire.testng.TestNGExecutor.run(TestNGExecutor.java:282)
	at org.apache.maven.surefire.testng.TestNGXmlTestSuite.execute(TestNGXmlTestSuite.java:83)
	at org.apache.maven.surefire.testng.TestNGProvider.invoke(TestNGProvider.java:114)
	at org.apache.maven.surefire.booter.ForkedBooter.invokeProviderInSameClassLoader(ForkedBooter.java:286)
	at org.apache.maven.surefire.booter.ForkedBooter.runSuitesInProcess(ForkedBooter.java:240)
	at org.apache.maven.surefire.booter.ForkedBooter.main(ForkedBooter.java:121)
... Removed 25 stack frames]]>
    </failure>
  </testcase> <!-- testBank -->
  <testcase name="testBank" time="0.39" classname="com.airwallex.bank.BankTest">
    <failure type="java.lang.AssertionError" message="expected [400] but found [200]">
      <![CDATA[java.lang.AssertionError: expected [400] but found [200]
	at com.airwallex.bank.BankTest.testBank(BankTest.java:38)
	at org.apache.maven.surefire.testng.TestNGExecutor.run(TestNGExecutor.java:282)
	at org.apache.maven.surefire.testng.TestNGXmlTestSuite.execute(TestNGXmlTestSuite.java:83)
	at org.apache.maven.surefire.testng.TestNGProvider.invoke(TestNGProvider.java:114)
	at org.apache.maven.surefire.booter.ForkedBooter.invokeProviderInSameClassLoader(ForkedBooter.java:286)
	at org.apache.maven.surefire.booter.ForkedBooter.runSuitesInProcess(ForkedBooter.java:240)
	at org.apache.maven.surefire.booter.ForkedBooter.main(ForkedBooter.java:121)
... Removed 25 stack frames]]>
    </failure>
  </testcase> <!-- testBank -->
  <testcase name="testBank" time="0.377" classname="com.airwallex.bank.BankTest">
    <failure type="java.lang.AssertionError" message="expected [Bank details saved] but found [Length of account_number should be between 7 and 11 when bank_country_code is &amp;apos;US&amp;apos;]">
      <![CDATA[java.lang.AssertionError: expected [Bank details saved] but found [Length of account_number should be between 7 and 11 when bank_country_code is 'US']
	at com.airwallex.bank.BankTest.testBank(BankTest.java:39)
	at org.apache.maven.surefire.testng.TestNGExecutor.run(TestNGExecutor.java:282)
	at org.apache.maven.surefire.testng.TestNGXmlTestSuite.execute(TestNGXmlTestSuite.java:83)
	at org.apache.maven.surefire.testng.TestNGProvider.invoke(TestNGProvider.java:114)
	at org.apache.maven.surefire.booter.ForkedBooter.invokeProviderInSameClassLoader(ForkedBooter.java:286)
	at org.apache.maven.surefire.booter.ForkedBooter.runSuitesInProcess(ForkedBooter.java:240)
	at org.apache.maven.surefire.booter.ForkedBooter.main(ForkedBooter.java:121)
... Removed 25 stack frames]]>
    </failure>
  </testcase> <!-- testBank -->
  <testcase name="testBank" time="0.359" classname="com.airwallex.bank.BankTest"/>
  <testcase name="testBank" time="0.368" classname="com.airwallex.bank.BankTest"/>
  <testcase name="testBank" time="0.392" classname="com.airwallex.bank.BankTest"/>
  <testcase name="testBank" time="0.392" classname="com.airwallex.bank.BankTest"/>
  <testcase name="testBank" time="0.415" classname="com.airwallex.bank.BankTest"/>
  <testcase name="testBank" time="0.39" classname="com.airwallex.bank.BankTest">
    <failure type="java.lang.AssertionError" message="expected [The swift code is not valid for the given bank country code: AU] but found [The swift code is not valid for the given bank country code: US]">
      <![CDATA[java.lang.AssertionError: expected [The swift code is not valid for the given bank country code: AU] but found [The swift code is not valid for the given bank country code: US]
	at com.airwallex.bank.BankTest.testBank(BankTest.java:39)
	at org.apache.maven.surefire.testng.TestNGExecutor.run(TestNGExecutor.java:282)
	at org.apache.maven.surefire.testng.TestNGXmlTestSuite.execute(TestNGXmlTestSuite.java:83)
	at org.apache.maven.surefire.testng.TestNGProvider.invoke(TestNGProvider.java:114)
	at org.apache.maven.surefire.booter.ForkedBooter.invokeProviderInSameClassLoader(ForkedBooter.java:286)
	at org.apache.maven.surefire.booter.ForkedBooter.runSuitesInProcess(ForkedBooter.java:240)
	at org.apache.maven.surefire.booter.ForkedBooter.main(ForkedBooter.java:121)
... Removed 25 stack frames]]>
    </failure>
  </testcase> <!-- testBank -->
  <testcase name="testBank" time="0.426" classname="com.airwallex.bank.BankTest">
    <failure type="java.lang.AssertionError" message="expected [The swift code is not valid for the given bank country code: CN] but found [The swift code is not valid for the given bank country code: US]">
      <![CDATA[java.lang.AssertionError: expected [The swift code is not valid for the given bank country code: CN] but found [The swift code is not valid for the given bank country code: US]
	at com.airwallex.bank.BankTest.testBank(BankTest.java:39)
	at org.apache.maven.surefire.testng.TestNGExecutor.run(TestNGExecutor.java:282)
	at org.apache.maven.surefire.testng.TestNGXmlTestSuite.execute(TestNGXmlTestSuite.java:83)
	at org.apache.maven.surefire.testng.TestNGProvider.invoke(TestNGProvider.java:114)
	at org.apache.maven.surefire.booter.ForkedBooter.invokeProviderInSameClassLoader(ForkedBooter.java:286)
	at org.apache.maven.surefire.booter.ForkedBooter.runSuitesInProcess(ForkedBooter.java:240)
	at org.apache.maven.surefire.booter.ForkedBooter.main(ForkedBooter.java:121)
... Removed 25 stack frames]]>
    </failure>
  </testcase> <!-- testBank -->
  <testcase name="testBank" time="0.36" classname="com.airwallex.bank.BankTest"/>
  <testcase name="testBank" time="0.359" classname="com.airwallex.bank.BankTest"/>
  <testcase name="testBank" time="0.402" classname="com.airwallex.bank.BankTest">
    <failure type="java.lang.AssertionError" message="expected [400] but found [200]">
      <![CDATA[java.lang.AssertionError: expected [400] but found [200]
	at com.airwallex.bank.BankTest.testBank(BankTest.java:38)
	at org.apache.maven.surefire.testng.TestNGExecutor.run(TestNGExecutor.java:282)
	at org.apache.maven.surefire.testng.TestNGXmlTestSuite.execute(TestNGXmlTestSuite.java:83)
	at org.apache.maven.surefire.testng.TestNGProvider.invoke(TestNGProvider.java:114)
	at org.apache.maven.surefire.booter.ForkedBooter.invokeProviderInSameClassLoader(ForkedBooter.java:286)
	at org.apache.maven.surefire.booter.ForkedBooter.runSuitesInProcess(ForkedBooter.java:240)
	at org.apache.maven.surefire.booter.ForkedBooter.main(ForkedBooter.java:121)
... Removed 25 stack frames]]>
    </failure>
  </testcase> <!-- testBank -->
  <testcase name="testBank" time="0.39" classname="com.airwallex.bank.BankTest">
    <failure type="java.lang.AssertionError" message="expected [400] but found [200]">
      <![CDATA[java.lang.AssertionError: expected [400] but found [200]
	at com.airwallex.bank.BankTest.testBank(BankTest.java:38)
	at org.apache.maven.surefire.testng.TestNGExecutor.run(TestNGExecutor.java:282)
	at org.apache.maven.surefire.testng.TestNGXmlTestSuite.execute(TestNGXmlTestSuite.java:83)
	at org.apache.maven.surefire.testng.TestNGProvider.invoke(TestNGProvider.java:114)
	at org.apache.maven.surefire.booter.ForkedBooter.invokeProviderInSameClassLoader(ForkedBooter.java:286)
	at org.apache.maven.surefire.booter.ForkedBooter.runSuitesInProcess(ForkedBooter.java:240)
	at org.apache.maven.surefire.booter.ForkedBooter.main(ForkedBooter.java:121)
... Removed 25 stack frames]]>
    </failure>
  </testcase> <!-- testBank -->
  <testcase name="testBank" time="0.39" classname="com.airwallex.bank.BankTest"/>
  <testcase name="testBank" time="0.385" classname="com.airwallex.bank.BankTest"/>
  <testcase name="testBank" time="0.374" classname="com.airwallex.bank.BankTest"/>
  <testcase name="testBank" time="0.395" classname="com.airwallex.bank.BankTest"/>
  <testcase name="testBank" time="0.375" classname="com.airwallex.bank.BankTest"/>
  <testcase name="testBank" time="0.375" classname="com.airwallex.bank.BankTest"/>
  <testcase name="testBank" time="0.954" classname="com.airwallex.bank.BankTest"/>
  <testcase name="testBank" time="0.368" classname="com.airwallex.bank.BankTest"/>
  <testcase name="testBank" time="0.359" classname="com.airwallex.bank.BankTest"/>
  <testcase name="testBank" time="0.343" classname="com.airwallex.bank.BankTest">
    <failure type="java.lang.AssertionError" message="expected [400] but found [200]">
      <![CDATA[java.lang.AssertionError: expected [400] but found [200]
	at com.airwallex.bank.BankTest.testBank(BankTest.java:38)
	at org.apache.maven.surefire.testng.TestNGExecutor.run(TestNGExecutor.java:282)
	at org.apache.maven.surefire.testng.TestNGXmlTestSuite.execute(TestNGXmlTestSuite.java:83)
	at org.apache.maven.surefire.testng.TestNGProvider.invoke(TestNGProvider.java:114)
	at org.apache.maven.surefire.booter.ForkedBooter.invokeProviderInSameClassLoader(ForkedBooter.java:286)
	at org.apache.maven.surefire.booter.ForkedBooter.runSuitesInProcess(ForkedBooter.java:240)
	at org.apache.maven.surefire.booter.ForkedBooter.main(ForkedBooter.java:121)
... Removed 25 stack frames]]>
    </failure>
  </testcase> <!-- testBank -->
  <testcase name="testBank" time="0.384" classname="com.airwallex.bank.BankTest"/>
  <testcase name="testBank" time="0.375" classname="com.airwallex.bank.BankTest"/>
</testsuite> <!-- java test -->
